[api/chat] excelSnapshot present: true
Error executing step prepare-memory-step: Error: Invalid system message format. System messages must be CoreMessage format with 'role' and 'content' properties. The content should be a string or valid content array.
    at _MessageList.addOne (file:///C:/Users/louis/Projects/Excella/node_modules/.bun/@mastra+core@0.24.1+a9ac3fa68911c4c1/node_modules/@mastra/core/dist/chunk-DNYWTNND.js:1499:13)
    at _MessageList.add (file:///C:/Users/louis/Projects/Excella/node_modules/.bun/@mastra+core@0.24.1+a9ac3fa68911c4c1/node_modules/@mastra/core/dist/chunk-DNYWTNND.js:857:12)
    at Object.execute (file:///C:/Users/louis/Projects/Excella/node_modules/.bun/@mastra+core@0.24.1+a9ac3fa68911c4c1/node_modules/@mastra/core/dist/chunk-ZVAWVX5J.js:678:257)
    at file:///C:/Users/louis/Projects/Excella/node_modules/.bun/@mastra+core@0.24.1+a9ac3fa68911c4c1/node_modules/@mastra/core/dist/chunk-ZVAWVX5J.js:259:3117
    at DefaultExecutionEngine.executeStep (file:///C:/Users/louis/Projects/Excella/node_modules/.bun/@mastra+core@0.24.1+a9ac3fa68911c4c1/node_modules/@mastra/core/dist/chunk-ZVAWVX5J.js:259:3747)
    at process.processTicksAndRejections (node:internal/process/task_queues:105:5)
    at async file:///C:/Users/louis/Projects/Excella/node_modules/.bun/@mastra+core@0.24.1+a9ac3fa68911c4c1/node_modules/@mastra/core/dist/chunk-ZVAWVX5J.js:263:3657
    at async Promise.all (index 1)
    at async DefaultExecutionEngine.executeParallel (file:///C:/Users/louis/Projects/Excella/node_modules/.bun/@mastra+core@0.24.1+a9ac3fa68911c4c1/node_modules/@mastra/core/dist/chunk-ZVAWVX5J.js:263:3594)
    at async DefaultExecutionEngine.executeEntry (file:///C:/Users/louis/Projects/Excella/node_modules/.bun/@mastra+core@0.24.1+a9ac3fa68911c4c1/node_modules/@mastra/core/dist/chunk-ZVAWVX5J.js:266:2829)
    at async DefaultExecutionEngine.execute (file:///C:/Users/louis/Projects/Excella/node_modules/.bun/@mastra+core@0.24.1+a9ac3fa68911c4c1/node_modules/@mastra/core/dist/chunk-ZVAWVX5J.js:257:1143)
    at async Run._start (file:///C:/Users/louis/Projects/Excella/node_modules/.bun/@mastra+core@0.24.1+a9ac3fa68911c4c1/node_modules/@mastra/core/dist/chunk-ZVAWVX5J.js:339:2589)
    at async #execute (file:///C:/Users/louis/Projects/Excella/node_modules/.bun/@mastra+core@0.24.1+a9ac3fa68911c4c1/node_modules/@mastra/core/dist/chunk-ZVAWVX5J.js:974:3302)
    at async Agent.stream (file:///C:/Users/louis/Projects/Excella/node_modules/.bun/@mastra+core@0.24.1+a9ac3fa68911c4c1/node_modules/@mastra/core/dist/chunk-ZVAWVX5J.js:1003:1830)
    at async POST (C:\Users\louis\Projects\Excella\apps\ai-chatbot\.next\dev\server\chunks\[root-of-the-server]__bef5c616._.js:2839:20)
    at async AppRouteRouteModule.do (C:\Users\louis\Projects\Excella\node_modules\.bun\next@16.0.3+317b360ec3a70668\node_modules\next\dist\compiled\next-server\app-route-turbo.runtime.dev.js:5:37789)
    at async AppRouteRouteModule.handle (C:\Users\louis\Projects\Excella\node_modules\.bun\next@16.0.3+317b360ec3a70668\node_modules\next\dist\compiled\next-server\app-route-turbo.runtime.dev.js:5:45045)
    at async responseGenerator (C:\Users\louis\Projects\Excella\apps\ai-chatbot\.next\dev\server\chunks\52b33_next_dist_f956e931._.js:9006:38)
    at async AppRouteRouteModule.handleResponse (C:\Users\louis\Projects\Excella\node_modules\.bun\next@16.0.3+317b360ec3a70668\node_modules\next\dist\compiled\next-server\app-route-turbo.runtime.dev.js:1:187851)
    at async handleResponse (C:\Users\louis\Projects\Excella\apps\ai-chatbot\.next\dev\server\chunks\52b33_next_dist_f956e931._.js:9068:32)
    at async handler (C:\Users\louis\Projects\Excella\apps\ai-chatbot\.next\dev\server\chunks\52b33_next_dist_f956e931._.js:9119:13)
    at async DevServer.renderToResponseWithComponentsImpl (C:\Users\louis\Projects\Excella\node_modules\.bun\next@16.0.3+317b360ec3a70668\node_modules\next\dist\server\base-server.js:1413:9)
    at async DevServer.renderPageComponent (C:\Users\louis\Projects\Excella\node_modules\.bun\next@16.0.3+317b360ec3a70668\node_modules\next\dist\server\base-server.js:1465:24)
    at async DevServer.renderToResponseImpl (C:\Users\louis\Projects\Excella\node_modules\.bun\next@16.0.3+317b360ec3a70668\node_modules\next\dist\server\base-server.js:1515:32)
    at async DevServer.pipeImpl (C:\Users\louis\Projects\Excella\node_modules\.bun\next@16.0.3+317b360ec3a70668\node_modules\next\dist\server\base-server.js:1021:25)
    at async NextNodeServer.handleCatchallRenderRequest (C:\Users\louis\Projects\Excella\node_modules\.bun\next@16.0.3+317b360ec3a70668\node_modules\next\dist\server\next-server.js:394:17)
    at async DevServer.handleRequestImpl (C:\Users\louis\Projects\Excella\node_modules\.bun\next@16.0.3+317b360ec3a70668\node_modules\next\dist\server\base-server.js:912:17)
    at async C:\Users\louis\Projects\Excella\node_modules\.bun\next@16.0.3+317b360ec3a70668\node_modules\next\dist\server\dev\next-dev-server.js:382:20
    at async Span.traceAsyncFn (C:\Users\louis\Projects\Excella\node_modules\.bun\next@16.0.3+317b360ec3a70668\node_modules\next\dist\trace\trace.js:157:20)
    at async DevServer.handleRequest (C:\Users\louis\Projects\Excella\node_modules\.bun\next@16.0.3+317b360ec3a70668\node_modules\next\dist\server\dev\next-dev-server.js:378:24)
    at async invokeRender (C:\Users\louis\Projects\Excella\node_modules\.bun\next@16.0.3+317b360ec3a70668\node_modules\next\dist\server\lib\router-server.js:240:21)
    at async handleRequest (C:\Users\louis\Projects\Excella\node_modules\.bun\next@16.0.3+317b360ec3a70668\node_modules\next\dist\server\lib\router-server.js:436:24)
    at async requestHandlerImpl (C:\Users\louis\Projects\Excella\node_modules\.bun\next@16.0.3+317b360ec3a70668\node_modules\next\dist\server\lib\router-server.js:484:13)
    at async Server.requestListener (C:\Users\louis\Projects\Excella\node_modules\.bun\next@16.0.3+317b360ec3a70668\node_modules\next\dist\server\lib\start-server.js:226:13)
C:\Users\louis\Projects\Excella\apps\ai-chatbot\.next\dev\server\chunks\[root-of-the-server]__bef5c616._.js: Invalid source map. Only conformant source maps can be used to find the original code. Cause: Error: sourceMapURL could not be parsed  
C:\Users\louis\Projects\Excella\node_modules\.bun\next@16.0.3+317b360ec3a70668\node_modules\next\dist\compiled\next-server\app-route-turbo.runtime.dev.js: Invalid source map. Only conformant source maps can be used to find the original code. Cause: Error: sourceMapURL could not be parsed
C:\Users\louis\Projects\Excella\apps\ai-chatbot\.next\dev\server\chunks\52b33_next_dist_f956e931._.js: Invalid source map. Only conformant source maps can be used to find the original code. Cause: Error: sourceMapURL could not be parsed        
C:\Users\louis\Projects\Excella\node_modules\.bun\next@16.0.3+317b360ec3a70668\node_modules\next\dist\server\base-server.js: Invalid source map. Only conformant source maps can be used to find the original code. Cause: Error: sourceMapURL could not be parsed
C:\Users\louis\Projects\Excella\node_modules\.bun\next@16.0.3+317b360ec3a70668\node_modules\next\dist\server\next-server.js: Invalid source map. Only conformant source maps can be used to find the original code. Cause: Error: sourceMapURL could not be parsed
C:\Users\louis\Projects\Excella\node_modules\.bun\next@16.0.3+317b360ec3a70668\node_modules\next\dist\server\dev\next-dev-server.js: Invalid source map. Only conformant source maps can be used to find the original code. Cause: Error: sourceMapURL could not be parsed
C:\Users\louis\Projects\Excella\node_modules\.bun\next@16.0.3+317b360ec3a70668\node_modules\next\dist\trace\trace.js: Invalid source map. Only conformant source maps can be used to find the original code. Cause: Error: sourceMapURL could not be parsed
C:\Users\louis\Projects\Excella\node_modules\.bun\next@16.0.3+317b360ec3a70668\node_modules\next\dist\server\lib\router-server.js: Invalid source map. Only conformant source maps can be used to find the original code. Cause: Error: sourceMapURL could not be parsed
C:\Users\louis\Projects\Excella\node_modules\.bun\next@16.0.3+317b360ec3a70668\node_modules\next\dist\server\lib\start-server.js: Invalid source map. Only conformant source maps can be used to find the original code. Cause: Error: sourceMapURL could not be parsed
C:\Users\louis\Projects\Excella\apps\ai-chatbot\.next\dev\server\chunks\[root-of-the-server]__bef5c616._.js: Invalid source map. Only conformant source maps can be used to find the original code. Cause: Error: sourceMapURL could not be parsed  
C:\Users\louis\Projects\Excella\node_modules\.bun\next@16.0.3+317b360ec3a70668\node_modules\next\dist\compiled\next-server\app-route-turbo.runtime.dev.js: Invalid source map. Only conformant source maps can be used to find the original code. Cause: Error: sourceMapURL could not be parsed
C:\Users\louis\Projects\Excella\apps\ai-chatbot\.next\dev\server\chunks\52b33_next_dist_f956e931._.js: Invalid source map. Only conformant source maps can be used to find the original code. Cause: Error: sourceMapURL could not be parsed        
C:\Users\louis\Projects\Excella\node_modules\.bun\next@16.0.3+317b360ec3a70668\node_modules\next\dist\server\base-server.js: Invalid source map. Only conformant source maps can be used to find the original code. Cause: Error: sourceMapURL could not be parsed
C:\Users\louis\Projects\Excella\node_modules\.bun\next@16.0.3+317b360ec3a70668\node_modules\next\dist\server\next-server.js: Invalid source map. Only conformant source maps can be used to find the original code. Cause: Error: sourceMapURL could not be parsed
C:\Users\louis\Projects\Excella\node_modules\.bun\next@16.0.3+317b360ec3a70668\node_modules\next\dist\server\dev\next-dev-server.js: Invalid source map. Only conformant source maps can be used to find the original code. Cause: Error: sourceMapURL could not be parsed
C:\Users\louis\Projects\Excella\node_modules\.bun\next@16.0.3+317b360ec3a70668\node_modules\next\dist\trace\trace.js: Invalid source map. Only conformant source maps can be used to find the original code. Cause: Error: sourceMapURL could not be parsed
C:\Users\louis\Projects\Excella\node_modules\.bun\next@16.0.3+317b360ec3a70668\node_modules\next\dist\server\lib\router-server.js: Invalid source map. Only conformant source maps can be used to find the original code. Cause: Error: sourceMapURL could not be parsed
C:\Users\louis\Projects\Excella\node_modules\.bun\next@16.0.3+317b360ec3a70668\node_modules\next\dist\server\lib\start-server.js: Invalid source map. Only conformant source maps can be used to find the original code. Cause: Error: sourceMapURL could not be parsed
Error: Error: Invalid system message format. System messages must be CoreMessage format with 'role' and 'content' properties. The content should be a string or valid content array.
    at _MessageList.addOne (file:///C:/Users/louis/Projects/Excella/node_modules/.bun/@mastra+core@0.24.1+a9ac3fa68911c4c1/node_modules/@mastra/core/dist/chunk-DNYWTNND.js:1499:13)
    at _MessageList.add (file:///C:/Users/louis/Projects/Excella/node_modules/.bun/@mastra+core@0.24.1+a9ac3fa68911c4c1/node_modules/@mastra/core/dist/chunk-DNYWTNND.js:857:12)
    at Object.execute (file:///C:/Users/louis/Projects/Excella/node_modules/.bun/@mastra+core@0.24.1+a9ac3fa68911c4c1/node_modules/@mastra/core/dist/chunk-ZVAWVX5J.js:678:257)
    at file:///C:/Users/louis/Projects/Excella/node_modules/.bun/@mastra+core@0.24.1+a9ac3fa68911c4c1/node_modules/@mastra/core/dist/chunk-ZVAWVX5J.js:259:3117
    at DefaultExecutionEngine.executeStep (file:///C:/Users/louis/Projects/Excella/node_modules/.bun/@mastra+core@0.24.1+a9ac3fa68911c4c1/node_modules/@mastra/core/dist/chunk-ZVAWVX5J.js:259:3747)
    at process.processTicksAndRejections (node:internal/process/task_queues:105:5)
    at async file:///C:/Users/louis/Projects/Excella/node_modules/.bun/@mastra+core@0.24.1+a9ac3fa68911c4c1/node_modules/@mastra/core/dist/chunk-ZVAWVX5J.js:263:3657
    at async Promise.all (index 1)
    at async DefaultExecutionEngine.executeParallel (file:///C:/Users/louis/Projects/Excella/node_modules/.bun/@mastra+core@0.24.1+a9ac3fa68911c4c1/node_modules/@mastra/core/dist/chunk-ZVAWVX5J.js:263:3594)
    at async DefaultExecutionEngine.executeEntry (file:///C:/Users/louis/Projects/Excella/node_modules/.bun/@mastra+core@0.24.1+a9ac3fa68911c4c1/node_modules/@mastra/core/dist/chunk-ZVAWVX5J.js:266:2829)
    at async DefaultExecutionEngine.execute (file:///C:/Users/louis/Projects/Excella/node_modules/.bun/@mastra+core@0.24.1+a9ac3fa68911c4c1/node_modules/@mastra/core/dist/chunk-ZVAWVX5J.js:257:1143)
    at async Run._start (file:///C:/Users/louis/Projects/Excella/node_modules/.bun/@mastra+core@0.24.1+a9ac3fa68911c4c1/node_modules/@mastra/core/dist/chunk-ZVAWVX5J.js:339:2589)
    at async #execute (file:///C:/Users/louis/Projects/Excella/node_modules/.bun/@mastra+core@0.24.1+a9ac3fa68911c4c1/node_modules/@mastra/core/dist/chunk-ZVAWVX5J.js:974:3302)
    at async Agent.stream (file:///C:/Users/louis/Projects/Excella/node_modules/.bun/@mastra+core@0.24.1+a9ac3fa68911c4c1/node_modules/@mastra/core/dist/chunk-ZVAWVX5J.js:1003:1830)
    at async POST (C:\Users\louis\Projects\Excella\apps\ai-chatbot\.next\dev\server\chunks\[root-of-the-server]__bef5c616._.js:2839:20)
    at async AppRouteRouteModule.do (C:\Users\louis\Projects\Excella\node_modules\.bun\next@16.0.3+317b360ec3a70668\node_modules\next\dist\compiled\next-server\app-route-turbo.runtime.dev.js:5:37789)
    at async AppRouteRouteModule.handle (C:\Users\louis\Projects\Excella\node_modules\.bun\next@16.0.3+317b360ec3a70668\node_modules\next\dist\compiled\next-server\app-route-turbo.runtime.dev.js:5:45045)
    at async responseGenerator (C:\Users\louis\Projects\Excella\apps\ai-chatbot\.next\dev\server\chunks\52b33_next_dist_f956e931._.js:9006:38)
    at async AppRouteRouteModule.handleResponse (C:\Users\louis\Projects\Excella\node_modules\.bun\next@16.0.3+317b360ec3a70668\node_modules\next\dist\compiled\next-server\app-route-turbo.runtime.dev.js:1:187851)
    at async handleResponse (C:\Users\louis\Projects\Excella\apps\ai-chatbot\.next\dev\server\chunks\52b33_next_dist_f956e931._.js:9068:32)
    at async handler (C:\Users\louis\Projects\Excella\apps\ai-chatbot\.next\dev\server\chunks\52b33_next_dist_f956e931._.js:9119:13)
    at async DevServer.renderToResponseWithComponentsImpl (C:\Users\louis\Projects\Excella\node_modules\.bun\next@16.0.3+317b360ec3a70668\node_modules\next\dist\server\base-server.js:1413:9)
    at async DevServer.renderPageComponent (C:\Users\louis\Projects\Excella\node_modules\.bun\next@16.0.3+317b360ec3a70668\node_modules\next\dist\server\base-server.js:1465:24)
    at async DevServer.renderToResponseImpl (C:\Users\louis\Projects\Excella\node_modules\.bun\next@16.0.3+317b360ec3a70668\node_modules\next\dist\server\base-server.js:1515:32)
    at async DevServer.pipeImpl (C:\Users\louis\Projects\Excella\node_modules\.bun\next@16.0.3+317b360ec3a70668\node_modules\next\dist\server\base-server.js:1021:25)
    at async NextNodeServer.handleCatchallRenderRequest (C:\Users\louis\Projects\Excella\node_modules\.bun\next@16.0.3+317b360ec3a70668\node_modules\next\dist\server\next-server.js:394:17)
    at async DevServer.handleRequestImpl (C:\Users\louis\Projects\Excella\node_modules\.bun\next@16.0.3+317b360ec3a70668\node_modules\next\dist\server\base-server.js:912:17)
    at async C:\Users\louis\Projects\Excella\node_modules\.bun\next@16.0.3+317b360ec3a70668\node_modules\next\dist\server\dev\next-dev-server.js:382:20
    at async Span.traceAsyncFn (C:\Users\louis\Projects\Excella\node_modules\.bun\next@16.0.3+317b360ec3a70668\node_modules\next\dist\trace\trace.js:157:20)
    at async DevServer.handleRequest (C:\Users\louis\Projects\Excella\node_modules\.bun\next@16.0.3+317b360ec3a70668\node_modules\next\dist\server\dev\next-dev-server.js:378:24)
    at async invokeRender (C:\Users\louis\Projects\Excella\node_modules\.bun\next@16.0.3+317b360ec3a70668\node_modules\next\dist\server\lib\router-server.js:240:21)
    at async handleRequest (C:\Users\louis\Projects\Excella\node_modules\.bun\next@16.0.3+317b360ec3a70668\node_modules\next\dist\server\lib\router-server.js:436:24)
    at async requestHandlerImpl (C:\Users\louis\Projects\Excella\node_modules\.bun\next@16.0.3+317b360ec3a70668\node_modules\next\dist\server\lib\router-server.js:484:13)
    at async Server.requestListener (C:\Users\louis\Projects\Excella\node_modules\.bun\next@16.0.3+317b360ec3a70668\node_modules\next\dist\server\lib\start-server.js:226:13)
    at async POST (C:\Users\louis\Projects\Excella\apps\ai-chatbot\.next\dev\server\chunks\[root-of-the-server]__bef5c616._.js:2839:20)
    at async responseGenerator (C:\Users\louis\Projects\Excella\apps\ai-chatbot\.next\dev\server\chunks\52b33_next_dist_f956e931._.js:9006:38)
    at async handleResponse (C:\Users\louis\Projects\Excella\apps\ai-chatbot\.next\dev\server\chunks\52b33_next_dist_f956e931._.js:9068:32)
    at async handler (C:\Users\louis\Projects\Excella\apps\ai-chatbot\.next\dev\server\chunks\52b33_next_dist_f956e931._.js:9119:13)
    at async POST (C:\Users\louis\Projects\Excella\apps\ai-chatbot\.next\dev\server\chunks\[root-of-the-server]__bef5c616._.js:2839:20)
    at async responseGenerator (C:\Users\louis\Projects\Excella\apps\ai-chatbot\.next\dev\server\chunks\52b33_next_dist_f956e931._.js:9006:38)
    at async handleResponse (C:\Users\louis\Projects\Excella\apps\ai-chatbot\.next\dev\server\chunks\52b33_next_dist_f956e931._.js:9068:32)
    at async handler (C:\Users\louis\Projects\Excella\apps\ai-chatbot\.next\dev\server\chunks\52b33_next_dist_f956e931._.js:9119:13) {
  id: 'AGENT_STREAM_FAILED',
  domain: 'AGENT',
  category: 'USER',
  details: {},
  [cause]: Error: Error: Invalid system message format. System messages must be CoreMessage format with 'role' and 'content' properties. The content should be a string or valid content array.
      at _MessageList.addOne (file:///C:/Users/louis/Projects/Excella/node_modules/.bun/@mastra+core@0.24.1+a9ac3fa68911c4c1/node_modules/@mastra/core/dist/chunk-DNYWTNND.js:1499:13)
      at _MessageList.add (file:///C:/Users/louis/Projects/Excella/node_modules/.bun/@mastra+core@0.24.1+a9ac3fa68911c4c1/node_modules/@mastra/core/dist/chunk-DNYWTNND.js:857:12)
      at Object.execute (file:///C:/Users/louis/Projects/Excella/node_modules/.bun/@mastra+core@0.24.1+a9ac3fa68911c4c1/node_modules/@mastra/core/dist/chunk-ZVAWVX5J.js:678:257)
      at file:///C:/Users/louis/Projects/Excella/node_modules/.bun/@mastra+core@0.24.1+a9ac3fa68911c4c1/node_modules/@mastra/core/dist/chunk-ZVAWVX5J.js:259:3117
      at DefaultExecutionEngine.executeStep (file:///C:/Users/louis/Projects/Excella/node_modules/.bun/@mastra+core@0.24.1+a9ac3fa68911c4c1/node_modules/@mastra/core/dist/chunk-ZVAWVX5J.js:259:3747)
      at process.processTicksAndRejections (node:internal/process/task_queues:105:5)
      at async file:///C:/Users/louis/Projects/Excella/node_modules/.bun/@mastra+core@0.24.1+a9ac3fa68911c4c1/node_modules/@mastra/core/dist/chunk-ZVAWVX5J.js:263:3657
      at async Promise.all (index 1)
      at async DefaultExecutionEngine.executeParallel (file:///C:/Users/louis/Projects/Excella/node_modules/.bun/@mastra+core@0.24.1+a9ac3fa68911c4c1/node_modules/@mastra/core/dist/chunk-ZVAWVX5J.js:263:3594)
      at async DefaultExecutionEngine.executeEntry (file:///C:/Users/louis/Projects/Excella/node_modules/.bun/@mastra+core@0.24.1+a9ac3fa68911c4c1/node_modules/@mastra/core/dist/chunk-ZVAWVX5J.js:266:2829)
      at async DefaultExecutionEngine.execute (file:///C:/Users/louis/Projects/Excella/node_modules/.bun/@mastra+core@0.24.1+a9ac3fa68911c4c1/node_modules/@mastra/core/dist/chunk-ZVAWVX5J.js:257:1143)
      at async Run._start (file:///C:/Users/louis/Projects/Excella/node_modules/.bun/@mastra+core@0.24.1+a9ac3fa68911c4c1/node_modules/@mastra/core/dist/chunk-ZVAWVX5J.js:339:2589)
      at async #execute (file:///C:/Users/louis/Projects/Excella/node_modules/.bun/@mastra+core@0.24.1+a9ac3fa68911c4c1/node_modules/@mastra/core/dist/chunk-ZVAWVX5J.js:974:3302)
      at async Agent.stream (file:///C:/Users/louis/Projects/Excella/node_modules/.bun/@mastra+core@0.24.1+a9ac3fa68911c4c1/node_modules/@mastra/core/dist/chunk-ZVAWVX5J.js:1003:1830)
      at async POST (C:\Users\louis\Projects\Excella\apps\ai-chatbot\.next\dev\server\chunks\[root-of-the-server]__bef5c616._.js:2839:20)
      at async AppRouteRouteModule.do (C:\Users\louis\Projects\Excella\node_modules\.bun\next@16.0.3+317b360ec3a70668\node_modules\next\dist\compiled\next-server\app-route-turbo.runtime.dev.js:5:37789)
      at async AppRouteRouteModule.handle (C:\Users\louis\Projects\Excella\node_modules\.bun\next@16.0.3+317b360ec3a70668\node_modules\next\dist\compiled\next-server\app-route-turbo.runtime.dev.js:5:45045)
      at async responseGenerator (C:\Users\louis\Projects\Excella\apps\ai-chatbot\.next\dev\server\chunks\52b33_next_dist_f956e931._.js:9006:38)
      at async AppRouteRouteModule.handleResponse (C:\Users\louis\Projects\Excella\node_modules\.bun\next@16.0.3+317b360ec3a70668\node_modules\next\dist\compiled\next-server\app-route-turbo.runtime.dev.js:1:187851)
      at async handleResponse (C:\Users\louis\Projects\Excella\apps\ai-chatbot\.next\dev\server\chunks\52b33_next_dist_f956e931._.js:9068:32)
      at async handler (C:\Users\louis\Projects\Excella\apps\ai-chatbot\.next\dev\server\chunks\52b33_next_dist_f956e931._.js:9119:13)
      at async DevServer.renderToResponseWithComponentsImpl (C:\Users\louis\Projects\Excella\node_modules\.bun\next@16.0.3+317b360ec3a70668\node_modules\next\dist\server\base-server.js:1413:9)
      at async DevServer.renderPageComponent (C:\Users\louis\Projects\Excella\node_modules\.bun\next@16.0.3+317b360ec3a70668\node_modules\next\dist\server\base-server.js:1465:24)
      at async DevServer.renderToResponseImpl (C:\Users\louis\Projects\Excella\node_modules\.bun\next@16.0.3+317b360ec3a70668\node_modules\next\dist\server\base-server.js:1515:32)
      at async DevServer.pipeImpl (C:\Users\louis\Projects\Excella\node_modules\.bun\next@16.0.3+317b360ec3a70668\node_modules\next\dist\server\base-server.js:1021:25)
      at async NextNodeServer.handleCatchallRenderRequest (C:\Users\louis\Projects\Excella\node_modules\.bun\next@16.0.3+317b360ec3a70668\node_modules\next\dist\server\next-server.js:394:17)
      at async DevServer.handleRequestImpl (C:\Users\louis\Projects\Excella\node_modules\.bun\next@16.0.3+317b360ec3a70668\node_modules\next\dist\server\base-server.js:912:17)
      at async C:\Users\louis\Projects\Excella\node_modules\.bun\next@16.0.3+317b360ec3a70668\node_modules\next\dist\server\dev\next-dev-server.js:382:20
      at async Span.traceAsyncFn (C:\Users\louis\Projects\Excella\node_modules\.bun\next@16.0.3+317b360ec3a70668\node_modules\next\dist\trace\trace.js:157:20)
      at async DevServer.handleRequest (C:\Users\louis\Projects\Excella\node_modules\.bun\next@16.0.3+317b360ec3a70668\node_modules\next\dist\server\dev\next-dev-server.js:378:24)
      at async invokeRender (C:\Users\louis\Projects\Excella\node_modules\.bun\next@16.0.3+317b360ec3a70668\node_modules\next\dist\server\lib\router-server.js:240:21)
      at async handleRequest (C:\Users\louis\Projects\Excella\node_modules\.bun\next@16.0.3+317b360ec3a70668\node_modules\next\dist\server\lib\router-server.js:436:24)
      at async requestHandlerImpl (C:\Users\louis\Projects\Excella\node_modules\.bun\next@16.0.3+317b360ec3a70668\node_modules\next\dist\server\lib\router-server.js:484:13)
      at async Server.requestListener (C:\Users\louis\Projects\Excella\node_modules\.bun\next@16.0.3+317b360ec3a70668\node_modules\next\dist\server\lib\start-server.js:226:13)
      at async POST (C:\Users\louis\Projects\Excella\apps\ai-chatbot\.next\dev\server\chunks\[root-of-the-server]__bef5c616._.js:2839:20)
      at async responseGenerator (C:\Users\louis\Projects\Excella\apps\ai-chatbot\.next\dev\server\chunks\52b33_next_dist_f956e931._.js:9006:38)
      at async handleResponse (C:\Users\louis\Projects\Excella\apps\ai-chatbot\.next\dev\server\chunks\52b33_next_dist_f956e931._.js:9068:32)
      at async handler (C:\Users\louis\Projects\Excella\apps\ai-chatbot\.next\dev\server\chunks\52b33_next_dist_f956e931._.js:9119:13)
      at async POST (C:\Users\louis\Projects\Excella\apps\ai-chatbot\.next\dev\server\chunks\[root-of-the-server]__bef5c616._.js:2839:20)
      at async responseGenerator (C:\Users\louis\Projects\Excella\apps\ai-chatbot\.next\dev\server\chunks\52b33_next_dist_f956e931._.js:9006:38)
      at async handleResponse (C:\Users\louis\Projects\Excella\apps\ai-chatbot\.next\dev\server\chunks\52b33_next_dist_f956e931._.js:9068:32)
      at async handler (C:\Users\louis\Projects\Excella\apps\ai-chatbot\.next\dev\server\chunks\52b33_next_dist_f956e931._.js:9119:13)
}
 POST /api/chat 500 in 3.0s (compile: 305ms, render: 2.7s)
